<?xml version="1.0" encoding="UTF-8"?>
<!-- Generated by org.testng.reporters.JUnitReportReporter -->
<testsuite hostname="Logist-1" failures="0" tests="13" name="com.suprun.periodicals.service.PeriodicalServiceTest" time="1.416" errors="2" timestamp="2021-02-03T10:22:31 MSK" skipped="0">
  <testcase classname="com.suprun.periodicals.service.PeriodicalServiceTest" name="findPeriodicalByIdWithNotExistingPeriodicalTest" time="0.002"/>
  <system-out/>
  <testcase classname="com.suprun.periodicals.service.PeriodicalServiceTest" name="getPeriodicalsCountByStatusTest" time="0.002"/>
  <system-out/>
  <testcase classname="com.suprun.periodicals.service.PeriodicalServiceTest" name="findAllFrequenciesTest" time="0.012"/>
  <system-out/>
  <testcase classname="com.suprun.periodicals.service.PeriodicalServiceTest" name="findPeriodicalByIdWithExistingPeriodicalTest" time="0.001"/>
  <system-out/>
  <testcase classname="com.suprun.periodicals.service.PeriodicalServiceTest" name="changeStatusOnAnotherStatusTest" time="0.034"/>
  <system-out/>
  <testcase classname="com.suprun.periodicals.service.PeriodicalServiceTest" name="changeStatusOnSameStatusTest" time="0.003"/>
  <system-out/>
  <testcase classname="com.suprun.periodicals.service.PeriodicalServiceTest" name="findAllPeriodicalsByStatusTest" time="0.003"/>
  <system-out/>
  <testcase classname="com.suprun.periodicals.service.PeriodicalServiceTest" name="getPeriodicalsCountTest" time="0.001"/>
  <system-out/>
  <testcase classname="com.suprun.periodicals.service.PeriodicalServiceTest" name="createPeriodicalTest" time="1.325">
    <error type="java.lang.NullPointerException">
      <![CDATA[java.lang.NullPointerException
at com.suprun.periodicals.dao.connection.ConnectionPool.getConnection(ConnectionPool.java:95)
at com.suprun.periodicals.dao.connection.ConnectionProxy.getConnection(ConnectionProxy.java:47)
at com.suprun.periodicals.dao.transaction.TransactionSupport.initConnection(TransactionSupport.java:130)
at com.suprun.periodicals.dao.transaction.TransactionSupport.prepareConnectionForTransaction(TransactionSupport.java:48)
at com.suprun.periodicals.dao.transaction.Transaction.doTransaction(Transaction.java:62)
at com.suprun.periodicals.dao.transaction.Transaction.doTransaction(Transaction.java:46)
at com.suprun.periodicals.service.PeriodicalService.createPeriodical(PeriodicalService.java:55)
at com.suprun.periodicals.service.PeriodicalServiceTest.createPeriodicalTest(PeriodicalServiceTest.java:51)
at java.base/jdk.internal.reflect.NativeMethodAccessorImpl.invoke0(Native Method)
at java.base/jdk.internal.reflect.NativeMethodAccessorImpl.invoke(NativeMethodAccessorImpl.java:62)
at java.base/jdk.internal.reflect.DelegatingMethodAccessorImpl.invoke(DelegatingMethodAccessorImpl.java:43)
at java.base/java.lang.reflect.Method.invoke(Method.java:564)
at org.testng.internal.MethodInvocationHelper.invokeMethod(MethodInvocationHelper.java:132)
at org.testng.internal.TestInvoker.invokeMethod(TestInvoker.java:599)
at org.testng.internal.TestInvoker.invokeTestMethod(TestInvoker.java:174)
at org.testng.internal.MethodRunner.runInSequence(MethodRunner.java:46)
at org.testng.internal.TestInvoker$MethodInvocationAgent.invoke(TestInvoker.java:822)
at org.testng.internal.TestInvoker.invokeTestMethods(TestInvoker.java:147)
at org.testng.internal.TestMethodWorker.invokeTestMethods(TestMethodWorker.java:146)
at org.testng.internal.TestMethodWorker.run(TestMethodWorker.java:128)
at java.base/java.util.ArrayList.forEach(ArrayList.java:1511)
at org.testng.TestRunner.privateRun(TestRunner.java:764)
at org.testng.TestRunner.run(TestRunner.java:585)
at org.testng.SuiteRunner.runTest(SuiteRunner.java:384)
at org.testng.SuiteRunner.runSequentially(SuiteRunner.java:378)
at org.testng.SuiteRunner.privateRun(SuiteRunner.java:337)
at org.testng.SuiteRunner.run(SuiteRunner.java:286)
at org.testng.SuiteRunnerWorker.runSuite(SuiteRunnerWorker.java:53)
at org.testng.SuiteRunnerWorker.run(SuiteRunnerWorker.java:96)
at org.testng.TestNG.runSuitesSequentially(TestNG.java:1218)
at org.testng.TestNG.runSuitesLocally(TestNG.java:1140)
at org.testng.TestNG.runSuites(TestNG.java:1069)
at org.testng.TestNG.run(TestNG.java:1037)
at org.apache.maven.surefire.testng.TestNGExecutor.run(TestNGExecutor.java:77)
at org.apache.maven.surefire.testng.TestNGDirectoryTestSuite.executeMulti(TestNGDirectoryTestSuite.java:159)
at org.apache.maven.surefire.testng.TestNGDirectoryTestSuite.execute(TestNGDirectoryTestSuite.java:99)
at org.apache.maven.surefire.testng.TestNGProvider.invoke(TestNGProvider.java:106)
at java.base/jdk.internal.reflect.NativeMethodAccessorImpl.invoke0(Native Method)
at java.base/jdk.internal.reflect.NativeMethodAccessorImpl.invoke(NativeMethodAccessorImpl.java:62)
at java.base/jdk.internal.reflect.DelegatingMethodAccessorImpl.invoke(DelegatingMethodAccessorImpl.java:43)
at java.base/java.lang.reflect.Method.invoke(Method.java:564)
at org.apache.maven.surefire.util.ReflectionUtils.invokeMethodWithArray(ReflectionUtils.java:189)
at org.apache.maven.surefire.booter.ProviderFactory$ProviderProxy.invoke(ProviderFactory.java:165)
at org.apache.maven.surefire.booter.ProviderFactory.invokeProvider(ProviderFactory.java:85)
at org.apache.maven.surefire.booter.ForkedBooter.runSuitesInProcess(ForkedBooter.java:115)
at org.apache.maven.surefire.booter.ForkedBooter.main(ForkedBooter.java:75)
Suppressed: java.lang.NullPointerException
at com.suprun.periodicals.dao.transaction.TransactionSupport.close(TransactionSupport.java:116)
at com.suprun.periodicals.dao.transaction.Transaction.doTransaction(Transaction.java:58)
... 41 more
]]>
    </error>
  </testcase> <!-- createPeriodicalTest -->
  <system-out/>
  <testcase classname="com.suprun.periodicals.service.PeriodicalServiceTest" name="findAllPeriodicalTypesTest" time="0.018"/>
  <system-out/>
  <testcase classname="com.suprun.periodicals.service.PeriodicalServiceTest" name="findAllPublishersTest" time="0.002"/>
  <system-out/>
  <testcase classname="com.suprun.periodicals.service.PeriodicalServiceTest" name="findAllPeriodicalsTest" time="0.011"/>
  <system-out/>
  <testcase classname="com.suprun.periodicals.service.PeriodicalServiceTest" name="updatePeriodicalTest" time="0.002">
    <error type="java.lang.NullPointerException">
      <![CDATA[java.lang.NullPointerException
at com.suprun.periodicals.dao.connection.ConnectionPool.getConnection(ConnectionPool.java:95)
at com.suprun.periodicals.dao.connection.ConnectionProxy.getConnection(ConnectionProxy.java:47)
at com.suprun.periodicals.dao.transaction.TransactionSupport.initConnection(TransactionSupport.java:130)
at com.suprun.periodicals.dao.transaction.TransactionSupport.prepareConnectionForTransaction(TransactionSupport.java:48)
at com.suprun.periodicals.dao.transaction.Transaction.doTransaction(Transaction.java:62)
at com.suprun.periodicals.dao.transaction.Transaction.doTransaction(Transaction.java:46)
at com.suprun.periodicals.service.PeriodicalService.updatePeriodical(PeriodicalService.java:78)
at com.suprun.periodicals.service.PeriodicalServiceTest.updatePeriodicalTest(PeriodicalServiceTest.java:60)
at java.base/jdk.internal.reflect.NativeMethodAccessorImpl.invoke0(Native Method)
at java.base/jdk.internal.reflect.NativeMethodAccessorImpl.invoke(NativeMethodAccessorImpl.java:62)
at java.base/jdk.internal.reflect.DelegatingMethodAccessorImpl.invoke(DelegatingMethodAccessorImpl.java:43)
at java.base/java.lang.reflect.Method.invoke(Method.java:564)
at org.testng.internal.MethodInvocationHelper.invokeMethod(MethodInvocationHelper.java:132)
at org.testng.internal.TestInvoker.invokeMethod(TestInvoker.java:599)
at org.testng.internal.TestInvoker.invokeTestMethod(TestInvoker.java:174)
at org.testng.internal.MethodRunner.runInSequence(MethodRunner.java:46)
at org.testng.internal.TestInvoker$MethodInvocationAgent.invoke(TestInvoker.java:822)
at org.testng.internal.TestInvoker.invokeTestMethods(TestInvoker.java:147)
at org.testng.internal.TestMethodWorker.invokeTestMethods(TestMethodWorker.java:146)
at org.testng.internal.TestMethodWorker.run(TestMethodWorker.java:128)
at java.base/java.util.ArrayList.forEach(ArrayList.java:1511)
at org.testng.TestRunner.privateRun(TestRunner.java:764)
at org.testng.TestRunner.run(TestRunner.java:585)
at org.testng.SuiteRunner.runTest(SuiteRunner.java:384)
at org.testng.SuiteRunner.runSequentially(SuiteRunner.java:378)
at org.testng.SuiteRunner.privateRun(SuiteRunner.java:337)
at org.testng.SuiteRunner.run(SuiteRunner.java:286)
at org.testng.SuiteRunnerWorker.runSuite(SuiteRunnerWorker.java:53)
at org.testng.SuiteRunnerWorker.run(SuiteRunnerWorker.java:96)
at org.testng.TestNG.runSuitesSequentially(TestNG.java:1218)
at org.testng.TestNG.runSuitesLocally(TestNG.java:1140)
at org.testng.TestNG.runSuites(TestNG.java:1069)
at org.testng.TestNG.run(TestNG.java:1037)
at org.apache.maven.surefire.testng.TestNGExecutor.run(TestNGExecutor.java:77)
at org.apache.maven.surefire.testng.TestNGDirectoryTestSuite.executeMulti(TestNGDirectoryTestSuite.java:159)
at org.apache.maven.surefire.testng.TestNGDirectoryTestSuite.execute(TestNGDirectoryTestSuite.java:99)
at org.apache.maven.surefire.testng.TestNGProvider.invoke(TestNGProvider.java:106)
at java.base/jdk.internal.reflect.NativeMethodAccessorImpl.invoke0(Native Method)
at java.base/jdk.internal.reflect.NativeMethodAccessorImpl.invoke(NativeMethodAccessorImpl.java:62)
at java.base/jdk.internal.reflect.DelegatingMethodAccessorImpl.invoke(DelegatingMethodAccessorImpl.java:43)
at java.base/java.lang.reflect.Method.invoke(Method.java:564)
at org.apache.maven.surefire.util.ReflectionUtils.invokeMethodWithArray(ReflectionUtils.java:189)
at org.apache.maven.surefire.booter.ProviderFactory$ProviderProxy.invoke(ProviderFactory.java:165)
at org.apache.maven.surefire.booter.ProviderFactory.invokeProvider(ProviderFactory.java:85)
at org.apache.maven.surefire.booter.ForkedBooter.runSuitesInProcess(ForkedBooter.java:115)
at org.apache.maven.surefire.booter.ForkedBooter.main(ForkedBooter.java:75)
Suppressed: java.lang.NullPointerException
at com.suprun.periodicals.dao.transaction.TransactionSupport.close(TransactionSupport.java:116)
at com.suprun.periodicals.dao.transaction.Transaction.doTransaction(Transaction.java:58)
... 41 more
]]>
    </error>
  </testcase> <!-- updatePeriodicalTest -->
  <system-out/>
</testsuite> <!-- com.suprun.periodicals.service.PeriodicalServiceTest -->
